<?xml version="1.0" encoding="utf-8"?><testsuites name="pytest tests"><testsuite name="pytest" errors="0" failures="0" skipped="0" tests="15" time="13.376" timestamp="2026-02-11T15:50:00.578330+00:00" hostname="agent-env-d6458f7e-b15c-4325-9daa-bc16d801fcef"><testcase classname="tests.test_mlm_affiliate.TestHealthEndpoint" name="test_health_endpoint" time="0.530" /><testcase classname="tests.test_mlm_affiliate.TestAffiliateConfig" name="test_get_affiliate_config" time="0.445" /><testcase classname="tests.test_mlm_affiliate.TestAffiliateRegistration" name="test_register_without_referral_code" time="0.347" /><testcase classname="tests.test_mlm_affiliate.TestAffiliateRegistration" name="test_register_with_valid_referral_code" time="0.452" /><testcase classname="tests.test_mlm_affiliate.TestAffiliateRegistration" name="test_register_with_invalid_referral_code" time="0.453" /><testcase classname="tests.test_mlm_affiliate.TestAffiliateRegistration" name="test_duplicate_registration_returns_existing" time="0.762" /><testcase classname="tests.test_mlm_affiliate.TestAffiliateStats" name="test_get_stats_existing_user" time="0.347" /><testcase classname="tests.test_mlm_affiliate.TestAffiliateStats" name="test_get_stats_new_user_auto_registers" time="0.454" /><testcase classname="tests.test_mlm_affiliate.TestCommissionDistribution" name="test_distribute_commission_single_level" time="0.905" /><testcase classname="tests.test_mlm_affiliate.TestCommissionDistribution" name="test_distribute_commission_multi_level_chain" time="4.152" /><testcase classname="tests.test_mlm_affiliate.TestCommissionHistory" name="test_get_commission_history" time="0.446" /><testcase classname="tests.test_mlm_affiliate.TestCommissionHistory" name="test_get_commission_history_with_pagination" time="0.454" /><testcase classname="tests.test_mlm_affiliate.TestCommissionHistory" name="test_get_commission_history_empty_user" time="0.342" /><testcase classname="tests.test_mlm_affiliate.TestAffiliateTree" name="test_get_affiliate_tree" time="0.341" /><testcase classname="tests.test_mlm_affiliate.TestMLMChainVerification" name="test_full_mlm_flow" time="2.830" /></testsuite></testsuites>