<?xml version="1.0" encoding="utf-8"?><testsuites name="pytest tests"><testsuite name="pytest" errors="0" failures="4" skipped="0" tests="39" time="46.523" timestamp="2026-02-11T22:25:02.416588+00:00" hostname="agent-env-e10f6a8f-8b41-49d8-9f6b-437e49d01f74"><testcase classname="backend.tests.test_iteration5.TestSolanaBalanceProxy" name="test_get_balance_valid_wallet" time="0.594"><failure message="AssertionError: assert 0.2 == 2.5&#10; +  where 0.2 = &lt;built-in method get of dict object at 0xfc17a471ea40&gt;('price_usd')&#10; +    where &lt;built-in method get of dict object at 0xfc17a471ea40&gt; = {'price_usd': 0.2, 'quantum': {'amount': 9924000.0, 'decimals': 9, 'rawAmount': '9924000000000000', 'uiAmountString': '9924000'}, 'quantum_mint': '4KsZXRH3Xjd7z4CiuwgfNQstC2aHDLdJHv5u3tDixtLc', 'sol_balance': 9.842003124, ...}.get">backend/tests/test_iteration5.py:50: in test_get_balance_valid_wallet
    assert data.get("price_usd") == 2.5
E   AssertionError: assert 0.2 == 2.5
E    +  where 0.2 = &lt;built-in method get of dict object at 0xfc17a471ea40&gt;('price_usd')
E    +    where &lt;built-in method get of dict object at 0xfc17a471ea40&gt; = {'price_usd': 0.2, 'quantum': {'amount': 9924000.0, 'decimals': 9, 'rawAmount': '9924000000000000', 'uiAmountString': '9924000'}, 'quantum_mint': '4KsZXRH3Xjd7z4CiuwgfNQstC2aHDLdJHv5u3tDixtLc', 'sol_balance': 9.842003124, ...}.get</failure></testcase><testcase classname="backend.tests.test_iteration5.TestSolanaBalanceProxy" name="test_get_balance_wallet_no_quantum" time="0.530" /><testcase classname="backend.tests.test_iteration5.TestMLMFullChainVerification" name="test_full_5_level_chain_commission_distribution" time="7.869" /><testcase classname="backend.tests.test_iteration5.TestMLMFullChainVerification" name="test_verify_level_transaction_details_endpoint" time="2.093" /><testcase classname="backend.tests.test_mlm_affiliate.TestHealthEndpoint" name="test_health_endpoint" time="0.773" /><testcase classname="backend.tests.test_mlm_affiliate.TestAffiliateConfig" name="test_get_affiliate_config" time="0.453" /><testcase classname="backend.tests.test_mlm_affiliate.TestAffiliateRegistration" name="test_register_without_referral_code" time="0.347" /><testcase classname="backend.tests.test_mlm_affiliate.TestAffiliateRegistration" name="test_register_with_valid_referral_code" time="0.607" /><testcase classname="backend.tests.test_mlm_affiliate.TestAffiliateRegistration" name="test_register_with_invalid_referral_code" time="0.674" /><testcase classname="backend.tests.test_mlm_affiliate.TestAffiliateRegistration" name="test_duplicate_registration_returns_existing" time="0.459" /><testcase classname="backend.tests.test_mlm_affiliate.TestAffiliateStats" name="test_get_stats_existing_user" time="0.345" /><testcase classname="backend.tests.test_mlm_affiliate.TestAffiliateStats" name="test_get_stats_new_user_auto_registers" time="0.676" /><testcase classname="backend.tests.test_mlm_affiliate.TestCommissionDistribution" name="test_distribute_commission_single_level" time="0.735" /><testcase classname="backend.tests.test_mlm_affiliate.TestCommissionDistribution" name="test_distribute_commission_multi_level_chain" time="4.047" /><testcase classname="backend.tests.test_mlm_affiliate.TestCommissionHistory" name="test_get_commission_history" time="0.763" /><testcase classname="backend.tests.test_mlm_affiliate.TestCommissionHistory" name="test_get_commission_history_with_pagination" time="0.489" /><testcase classname="backend.tests.test_mlm_affiliate.TestCommissionHistory" name="test_get_commission_history_empty_user" time="0.450" /><testcase classname="backend.tests.test_mlm_affiliate.TestAffiliateTree" name="test_get_affiliate_tree" time="0.460" /><testcase classname="backend.tests.test_mlm_affiliate.TestMLMChainVerification" name="test_full_mlm_flow" time="2.726" /><testcase classname="backend.tests.test_new_features.TestLevelTransactions" name="test_get_level_1_transactions" time="0.663" /><testcase classname="backend.tests.test_new_features.TestLevelTransactions" name="test_get_level_2_transactions" time="0.348" /><testcase classname="backend.tests.test_new_features.TestLevelTransactions" name="test_get_level_3_transactions" time="0.389" /><testcase classname="backend.tests.test_new_features.TestLevelTransactions" name="test_get_level_4_transactions" time="0.346" /><testcase classname="backend.tests.test_new_features.TestLevelTransactions" name="test_get_level_5_transactions" time="0.345" /><testcase classname="backend.tests.test_new_features.TestLevelTransactions" name="test_invalid_level_returns_400" time="0.692" /><testcase classname="backend.tests.test_new_features.TestLevelTransactions" name="test_level_transactions_pagination" time="0.350" /><testcase classname="backend.tests.test_new_features.TestPresaleProgress" name="test_get_presale_progress" time="0.451" /><testcase classname="backend.tests.test_new_features.TestPresaleProgress" name="test_update_presale_config" time="1.662"><failure message="AssertionError: assert 791.08 == 1791.08&#10; +  where 791.08 = &lt;built-in method get of dict object at 0xfc17a4a0e7c0&gt;('total_raised')&#10; +    where &lt;built-in method get of dict object at 0xfc17a4a0e7c0&gt; = {'end_date': None, 'goal': 2000000, 'is_active': True, 'participants': 4, ...}.get">backend/tests/test_new_features.py:178: in test_update_presale_config
    assert updated.get("total_raised") == new_raised
E   AssertionError: assert 791.08 == 1791.08
E    +  where 791.08 = &lt;built-in method get of dict object at 0xfc17a4a0e7c0&gt;('total_raised')
E    +    where &lt;built-in method get of dict object at 0xfc17a4a0e7c0&gt; = {'end_date': None, 'goal': 2000000, 'is_active': True, 'participants': 4, ...}.get</failure></testcase><testcase classname="backend.tests.test_new_features.TestPresaleProgress" name="test_update_presale_goal" time="1.832"><failure message="AssertionError: assert 2000000 == 5000000&#10; +  where 2000000 = &lt;built-in method get of dict object at 0xfc17a49e1f40&gt;('goal')&#10; +    where &lt;built-in method get of dict object at 0xfc17a49e1f40&gt; = {'end_date': None, 'goal': 2000000, 'is_active': True, 'participants': 4, ...}.get">backend/tests/test_new_features.py:203: in test_update_presale_goal
    assert updated.get("goal") == new_goal
E   AssertionError: assert 2000000 == 5000000
E    +  where 2000000 = &lt;built-in method get of dict object at 0xfc17a49e1f40&gt;('goal')
E    +    where &lt;built-in method get of dict object at 0xfc17a49e1f40&gt; = {'end_date': None, 'goal': 2000000, 'is_active': True, 'participants': 4, ...}.get</failure></testcase><testcase classname="backend.tests.test_new_features.TestPresaleProgress" name="test_increment_presale_raised" time="1.241"><failure message="AssertionError: assert 791.08 == (791.08 + 500)&#10; +  where 791.08 = &lt;built-in method get of dict object at 0xfc17a4a24340&gt;('total_raised')&#10; +    where &lt;built-in method get of dict object at 0xfc17a4a24340&gt; = {'end_date': None, 'goal': 2000000, 'is_active': True, 'participants': 4, ...}.get">backend/tests/test_new_features.py:227: in test_increment_presale_raised
    assert updated.get("total_raised") == original_raised + 500
E   AssertionError: assert 791.08 == (791.08 + 500)
E    +  where 791.08 = &lt;built-in method get of dict object at 0xfc17a4a24340&gt;('total_raised')
E    +    where &lt;built-in method get of dict object at 0xfc17a4a24340&gt; = {'end_date': None, 'goal': 2000000, 'is_active': True, 'participants': 4, ...}.get</failure></testcase><testcase classname="backend.tests.test_new_features.TestNotifications" name="test_get_notifications_empty_user" time="0.448" /><testcase classname="backend.tests.test_new_features.TestNotifications" name="test_notifications_created_on_commission_distribution" time="1.811" /><testcase classname="backend.tests.test_new_features.TestNotifications" name="test_mark_notifications_as_read" time="2.632" /><testcase classname="backend.tests.test_new_features.TestNotifications" name="test_clear_all_notifications" time="2.917" /><testcase classname="backend.tests.test_new_features.TestNotifications" name="test_notifications_limit" time="0.366" /><testcase classname="backend.tests.test_new_features.TestNotifications" name="test_notifications_unread_only" time="0.445" /><testcase classname="backend.tests.test_new_features.TestPushTokenRegistration" name="test_register_push_token" time="0.372" /><testcase classname="backend.tests.test_new_features.TestPushTokenRegistration" name="test_update_push_token" time="0.706" /><testcase classname="backend.tests.test_new_features.TestNotificationIntegration" name="test_full_notification_flow" time="3.165" /></testsuite></testsuites>