<?xml version="1.0" encoding="utf-8"?><testsuites name="pytest tests"><testsuite name="pytest" errors="0" failures="0" skipped="0" tests="35" time="36.446" timestamp="2026-02-11T17:04:21.013256+00:00" hostname="agent-env-1edeb873-8ce3-4229-8555-56588fa6d3d9"><testcase classname="backend.tests.test_mlm_affiliate.TestHealthEndpoint" name="test_health_endpoint" time="0.535" /><testcase classname="backend.tests.test_mlm_affiliate.TestAffiliateConfig" name="test_get_affiliate_config" time="0.484" /><testcase classname="backend.tests.test_mlm_affiliate.TestAffiliateRegistration" name="test_register_without_referral_code" time="0.446" /><testcase classname="backend.tests.test_mlm_affiliate.TestAffiliateRegistration" name="test_register_with_valid_referral_code" time="0.457" /><testcase classname="backend.tests.test_mlm_affiliate.TestAffiliateRegistration" name="test_register_with_invalid_referral_code" time="0.451" /><testcase classname="backend.tests.test_mlm_affiliate.TestAffiliateRegistration" name="test_duplicate_registration_returns_existing" time="0.457" /><testcase classname="backend.tests.test_mlm_affiliate.TestAffiliateStats" name="test_get_stats_existing_user" time="0.772" /><testcase classname="backend.tests.test_mlm_affiliate.TestAffiliateStats" name="test_get_stats_new_user_auto_registers" time="0.358" /><testcase classname="backend.tests.test_mlm_affiliate.TestCommissionDistribution" name="test_distribute_commission_single_level" time="0.803" /><testcase classname="backend.tests.test_mlm_affiliate.TestCommissionDistribution" name="test_distribute_commission_multi_level_chain" time="3.465" /><testcase classname="backend.tests.test_mlm_affiliate.TestCommissionHistory" name="test_get_commission_history" time="0.667" /><testcase classname="backend.tests.test_mlm_affiliate.TestCommissionHistory" name="test_get_commission_history_with_pagination" time="0.348" /><testcase classname="backend.tests.test_mlm_affiliate.TestCommissionHistory" name="test_get_commission_history_empty_user" time="0.454" /><testcase classname="backend.tests.test_mlm_affiliate.TestAffiliateTree" name="test_get_affiliate_tree" time="0.467" /><testcase classname="backend.tests.test_mlm_affiliate.TestMLMChainVerification" name="test_full_mlm_flow" time="2.875" /><testcase classname="backend.tests.test_new_features.TestLevelTransactions" name="test_get_level_1_transactions" time="0.456" /><testcase classname="backend.tests.test_new_features.TestLevelTransactions" name="test_get_level_2_transactions" time="0.346" /><testcase classname="backend.tests.test_new_features.TestLevelTransactions" name="test_get_level_3_transactions" time="0.344" /><testcase classname="backend.tests.test_new_features.TestLevelTransactions" name="test_get_level_4_transactions" time="0.449" /><testcase classname="backend.tests.test_new_features.TestLevelTransactions" name="test_get_level_5_transactions" time="0.765" /><testcase classname="backend.tests.test_new_features.TestLevelTransactions" name="test_invalid_level_returns_400" time="0.805" /><testcase classname="backend.tests.test_new_features.TestLevelTransactions" name="test_level_transactions_pagination" time="0.352" /><testcase classname="backend.tests.test_new_features.TestPresaleProgress" name="test_get_presale_progress" time="0.456" /><testcase classname="backend.tests.test_new_features.TestPresaleProgress" name="test_update_presale_config" time="1.610" /><testcase classname="backend.tests.test_new_features.TestPresaleProgress" name="test_update_presale_goal" time="1.792" /><testcase classname="backend.tests.test_new_features.TestPresaleProgress" name="test_increment_presale_raised" time="1.623" /><testcase classname="backend.tests.test_new_features.TestNotifications" name="test_get_notifications_empty_user" time="0.450" /><testcase classname="backend.tests.test_new_features.TestNotifications" name="test_notifications_created_on_commission_distribution" time="1.706" /><testcase classname="backend.tests.test_new_features.TestNotifications" name="test_mark_notifications_as_read" time="3.484" /><testcase classname="backend.tests.test_new_features.TestNotifications" name="test_clear_all_notifications" time="2.740" /><testcase classname="backend.tests.test_new_features.TestNotifications" name="test_notifications_limit" time="0.383" /><testcase classname="backend.tests.test_new_features.TestNotifications" name="test_notifications_unread_only" time="0.378" /><testcase classname="backend.tests.test_new_features.TestPushTokenRegistration" name="test_register_push_token" time="0.351" /><testcase classname="backend.tests.test_new_features.TestPushTokenRegistration" name="test_update_push_token" time="0.900" /><testcase classname="backend.tests.test_new_features.TestNotificationIntegration" name="test_full_notification_flow" time="3.744" /></testsuite></testsuites>