<?xml version="1.0" encoding="utf-8"?><testsuites name="pytest tests"><testsuite name="pytest" errors="0" failures="0" skipped="0" tests="7" time="4.280" timestamp="2026-02-13T00:26:03.127071+00:00" hostname="agent-env-8b28262d-d0cf-4ff5-84d5-79ab7f600ff8"><testcase classname="backend.tests.test_presale_progress_iteration9.TestPresaleProgressAPI" name="test_presale_progress_returns_correct_raised" time="1.277" /><testcase classname="backend.tests.test_presale_progress_iteration9.TestPresaleProgressAPI" name="test_presale_progress_sol_price_not_zero" time="0.466" /><testcase classname="backend.tests.test_presale_progress_iteration9.TestPresaleProgressAPI" name="test_presale_progress_with_refresh" time="0.666" /><testcase classname="backend.tests.test_presale_progress_iteration9.TestPresaleProgressAPI" name="test_presale_progress_structure" time="0.449" /><testcase classname="backend.tests.test_presale_progress_iteration9.TestHealthAndConfig" name="test_health_check" time="0.453" /><testcase classname="backend.tests.test_presale_progress_iteration9.TestHealthAndConfig" name="test_config" time="0.456" /><testcase classname="backend.tests.test_presale_progress_iteration9.TestHealthAndConfig" name="test_affiliate_config" time="0.453" /></testsuite></testsuites>