<?xml version="1.0" encoding="utf-8"?><testsuites name="pytest tests"><testsuite name="pytest" errors="0" failures="2" skipped="0" tests="35" time="36.774" timestamp="2026-02-11T16:09:26.523968+00:00" hostname="agent-env-d6458f7e-b15c-4325-9daa-bc16d801fcef"><testcase classname="backend.tests.test_mlm_affiliate.TestHealthEndpoint" name="test_health_endpoint" time="0.483" /><testcase classname="backend.tests.test_mlm_affiliate.TestAffiliateConfig" name="test_get_affiliate_config" time="0.443" /><testcase classname="backend.tests.test_mlm_affiliate.TestAffiliateRegistration" name="test_register_without_referral_code" time="0.442" /><testcase classname="backend.tests.test_mlm_affiliate.TestAffiliateRegistration" name="test_register_with_valid_referral_code" time="0.450" /><testcase classname="backend.tests.test_mlm_affiliate.TestAffiliateRegistration" name="test_register_with_invalid_referral_code" time="0.339" /><testcase classname="backend.tests.test_mlm_affiliate.TestAffiliateRegistration" name="test_duplicate_registration_returns_existing" time="0.446" /><testcase classname="backend.tests.test_mlm_affiliate.TestAffiliateStats" name="test_get_stats_existing_user" time="0.768"><failure message="AssertionError: assert 70.0 == 50.0&#10; +  where 70.0 = &lt;built-in method get of dict object at 0xf80647d32400&gt;('total_commission')&#10; +    where &lt;built-in method get of dict object at 0xf80647d32400&gt; = {'confirmed_commission': 0.0, 'level': 1, 'paid_commission': 0.0, 'pending_commission': 70.0, ...}.get">backend/tests/test_mlm_affiliate.py:178: in test_get_stats_existing_user
    assert level_1.get("total_commission") == 50.0  # $250 purchase * 20%
    ^^^^^^^^^^^^^^^^^^^^^^^^^^^^^^^^^^^^^^^^^^^^^^
E   AssertionError: assert 70.0 == 50.0
E    +  where 70.0 = &lt;built-in method get of dict object at 0xf80647d32400&gt;('total_commission')
E    +    where &lt;built-in method get of dict object at 0xf80647d32400&gt; = {'confirmed_commission': 0.0, 'level': 1, 'paid_commission': 0.0, 'pending_commission': 70.0, ...}.get</failure></testcase><testcase classname="backend.tests.test_mlm_affiliate.TestAffiliateStats" name="test_get_stats_new_user_auto_registers" time="0.454" /><testcase classname="backend.tests.test_mlm_affiliate.TestCommissionDistribution" name="test_distribute_commission_single_level" time="0.795" /><testcase classname="backend.tests.test_mlm_affiliate.TestCommissionDistribution" name="test_distribute_commission_multi_level_chain" time="4.035" /><testcase classname="backend.tests.test_mlm_affiliate.TestCommissionHistory" name="test_get_commission_history" time="0.344" /><testcase classname="backend.tests.test_mlm_affiliate.TestCommissionHistory" name="test_get_commission_history_with_pagination" time="0.339" /><testcase classname="backend.tests.test_mlm_affiliate.TestCommissionHistory" name="test_get_commission_history_empty_user" time="0.771" /><testcase classname="backend.tests.test_mlm_affiliate.TestAffiliateTree" name="test_get_affiliate_tree" time="0.792" /><testcase classname="backend.tests.test_mlm_affiliate.TestMLMChainVerification" name="test_full_mlm_flow" time="3.116" /><testcase classname="backend.tests.test_new_features.TestLevelTransactions" name="test_get_level_1_transactions" time="0.449" /><testcase classname="backend.tests.test_new_features.TestLevelTransactions" name="test_get_level_2_transactions" time="0.343" /><testcase classname="backend.tests.test_new_features.TestLevelTransactions" name="test_get_level_3_transactions" time="0.346" /><testcase classname="backend.tests.test_new_features.TestLevelTransactions" name="test_get_level_4_transactions" time="0.479" /><testcase classname="backend.tests.test_new_features.TestLevelTransactions" name="test_get_level_5_transactions" time="0.341" /><testcase classname="backend.tests.test_new_features.TestLevelTransactions" name="test_invalid_level_returns_400" time="0.785" /><testcase classname="backend.tests.test_new_features.TestLevelTransactions" name="test_level_transactions_pagination" time="0.343" /><testcase classname="backend.tests.test_new_features.TestPresaleProgress" name="test_get_presale_progress" time="0.670" /><testcase classname="backend.tests.test_new_features.TestPresaleProgress" name="test_update_presale_config" time="1.474" /><testcase classname="backend.tests.test_new_features.TestPresaleProgress" name="test_update_presale_goal" time="1.919" /><testcase classname="backend.tests.test_new_features.TestPresaleProgress" name="test_increment_presale_raised" time="1.793" /><testcase classname="backend.tests.test_new_features.TestNotifications" name="test_get_notifications_empty_user" time="0.449" /><testcase classname="backend.tests.test_new_features.TestNotifications" name="test_notifications_created_on_commission_distribution" time="2.012" /><testcase classname="backend.tests.test_new_features.TestNotifications" name="test_mark_notifications_as_read" time="2.290" /><testcase classname="backend.tests.test_new_features.TestNotifications" name="test_clear_all_notifications" time="2.711" /><testcase classname="backend.tests.test_new_features.TestNotifications" name="test_notifications_limit" time="0.345" /><testcase classname="backend.tests.test_new_features.TestNotifications" name="test_notifications_unread_only" time="0.459" /><testcase classname="backend.tests.test_new_features.TestPushTokenRegistration" name="test_register_push_token" time="0.781" /><testcase classname="backend.tests.test_new_features.TestPushTokenRegistration" name="test_update_push_token" time="0.603"><failure message="assert 520 == 200&#10; +  where 520 = &lt;Response [520]&gt;.status_code">backend/tests/test_new_features.py:465: in test_update_push_token
    assert response.status_code == 200
E   assert 520 == 200
E    +  where 520 = &lt;Response [520]&gt;.status_code</failure></testcase><testcase classname="backend.tests.test_new_features.TestNotificationIntegration" name="test_full_notification_flow" time="4.079" /></testsuite></testsuites>