<?xml version="1.0" encoding="utf-8"?><testsuites name="pytest tests"><testsuite name="pytest" errors="0" failures="0" skipped="0" tests="10" time="6.391" timestamp="2026-02-13T00:11:23.720888+00:00" hostname="agent-env-8b28262d-d0cf-4ff5-84d5-79ab7f600ff8"><testcase classname="backend.tests.test_wallet_session.TestWalletSessionEndpoints" name="test_create_wallet_session_success" time="0.491" /><testcase classname="backend.tests.test_wallet_session.TestWalletSessionEndpoints" name="test_get_wallet_session_success" time="0.928" /><testcase classname="backend.tests.test_wallet_session.TestWalletSessionEndpoints" name="test_get_wallet_session_deleted_after_retrieval" time="1.677" /><testcase classname="backend.tests.test_wallet_session.TestWalletSessionEndpoints" name="test_get_nonexistent_session" time="0.465" /><testcase classname="backend.tests.test_wallet_session.TestWalletSessionEndpoints" name="test_create_session_missing_keypair" time="0.449" /><testcase classname="backend.tests.test_wallet_session.TestExistingEndpoints" name="test_health_check" time="0.376" /><testcase classname="backend.tests.test_wallet_session.TestExistingEndpoints" name="test_api_root" time="0.351" /><testcase classname="backend.tests.test_wallet_session.TestExistingEndpoints" name="test_presale_progress" time="0.778" /><testcase classname="backend.tests.test_wallet_session.TestExistingEndpoints" name="test_config" time="0.362" /><testcase classname="backend.tests.test_wallet_session.TestExistingEndpoints" name="test_affiliate_config" time="0.457" /></testsuite></testsuites>