<?xml version="1.0" encoding="utf-8"?><testsuites name="pytest tests"><testsuite name="pytest" errors="0" failures="0" skipped="0" tests="35" time="34.896" timestamp="2026-02-11T16:16:10.424783+00:00" hostname="agent-env-d6458f7e-b15c-4325-9daa-bc16d801fcef"><testcase classname="backend.tests.test_mlm_affiliate.TestHealthEndpoint" name="test_health_endpoint" time="0.492" /><testcase classname="backend.tests.test_mlm_affiliate.TestAffiliateConfig" name="test_get_affiliate_config" time="0.452" /><testcase classname="backend.tests.test_mlm_affiliate.TestAffiliateRegistration" name="test_register_without_referral_code" time="0.448" /><testcase classname="backend.tests.test_mlm_affiliate.TestAffiliateRegistration" name="test_register_with_valid_referral_code" time="0.453" /><testcase classname="backend.tests.test_mlm_affiliate.TestAffiliateRegistration" name="test_register_with_invalid_referral_code" time="0.450" /><testcase classname="backend.tests.test_mlm_affiliate.TestAffiliateRegistration" name="test_duplicate_registration_returns_existing" time="0.345" /><testcase classname="backend.tests.test_mlm_affiliate.TestAffiliateStats" name="test_get_stats_existing_user" time="0.451" /><testcase classname="backend.tests.test_mlm_affiliate.TestAffiliateStats" name="test_get_stats_new_user_auto_registers" time="0.347" /><testcase classname="backend.tests.test_mlm_affiliate.TestCommissionDistribution" name="test_distribute_commission_single_level" time="0.791" /><testcase classname="backend.tests.test_mlm_affiliate.TestCommissionDistribution" name="test_distribute_commission_multi_level_chain" time="3.333" /><testcase classname="backend.tests.test_mlm_affiliate.TestCommissionHistory" name="test_get_commission_history" time="0.353" /><testcase classname="backend.tests.test_mlm_affiliate.TestCommissionHistory" name="test_get_commission_history_with_pagination" time="0.443" /><testcase classname="backend.tests.test_mlm_affiliate.TestCommissionHistory" name="test_get_commission_history_empty_user" time="0.342" /><testcase classname="backend.tests.test_mlm_affiliate.TestAffiliateTree" name="test_get_affiliate_tree" time="0.346" /><testcase classname="backend.tests.test_mlm_affiliate.TestMLMChainVerification" name="test_full_mlm_flow" time="2.852" /><testcase classname="backend.tests.test_new_features.TestLevelTransactions" name="test_get_level_1_transactions" time="0.447" /><testcase classname="backend.tests.test_new_features.TestLevelTransactions" name="test_get_level_2_transactions" time="0.447" /><testcase classname="backend.tests.test_new_features.TestLevelTransactions" name="test_get_level_3_transactions" time="0.444" /><testcase classname="backend.tests.test_new_features.TestLevelTransactions" name="test_get_level_4_transactions" time="0.343" /><testcase classname="backend.tests.test_new_features.TestLevelTransactions" name="test_get_level_5_transactions" time="0.444" /><testcase classname="backend.tests.test_new_features.TestLevelTransactions" name="test_invalid_level_returns_400" time="0.885" /><testcase classname="backend.tests.test_new_features.TestLevelTransactions" name="test_level_transactions_pagination" time="0.665" /><testcase classname="backend.tests.test_new_features.TestPresaleProgress" name="test_get_presale_progress" time="0.363" /><testcase classname="backend.tests.test_new_features.TestPresaleProgress" name="test_update_presale_config" time="1.682" /><testcase classname="backend.tests.test_new_features.TestPresaleProgress" name="test_update_presale_goal" time="1.902" /><testcase classname="backend.tests.test_new_features.TestPresaleProgress" name="test_increment_presale_raised" time="2.147" /><testcase classname="backend.tests.test_new_features.TestNotifications" name="test_get_notifications_empty_user" time="0.477" /><testcase classname="backend.tests.test_new_features.TestNotifications" name="test_notifications_created_on_commission_distribution" time="1.820" /><testcase classname="backend.tests.test_new_features.TestNotifications" name="test_mark_notifications_as_read" time="2.910" /><testcase classname="backend.tests.test_new_features.TestNotifications" name="test_clear_all_notifications" time="2.274" /><testcase classname="backend.tests.test_new_features.TestNotifications" name="test_notifications_limit" time="0.450" /><testcase classname="backend.tests.test_new_features.TestNotifications" name="test_notifications_unread_only" time="0.445" /><testcase classname="backend.tests.test_new_features.TestPushTokenRegistration" name="test_register_push_token" time="0.359" /><testcase classname="backend.tests.test_new_features.TestPushTokenRegistration" name="test_update_push_token" time="0.680" /><testcase classname="backend.tests.test_new_features.TestNotificationIntegration" name="test_full_notification_flow" time="3.708" /></testsuite></testsuites>